2019-06-05 07:39:57.635 Eyes: [VERBOSE] {} [1] com.applitools.eyes.selenium.wrappers.EyesWebDriver.<init>(): Driver session is a3f2995b-276d-449c-8e6a-79c20738fd68
2019-06-05 07:39:57.638 Eyes: [LOG    ] {} [1] com.applitools.eyes.EyesBase.logOpenBase(): Eyes server URL is 'https://eyesapi.applitools.com'
2019-06-05 07:39:57.638 Eyes: [VERBOSE] {} [1] com.applitools.eyes.EyesBase.logOpenBase(): Timeout = '300000'
2019-06-05 07:39:57.638 Eyes: [LOG    ] {} [1] com.applitools.eyes.EyesBase.logOpenBase(): matchTimeout = '2000' 
2019-06-05 07:39:57.639 Eyes: [LOG    ] {} [1] com.applitools.eyes.EyesBase.logOpenBase(): Default match settings = 'Match level: STRICT, Exact match settings: null' 
2019-06-05 07:39:57.639 Eyes: [LOG    ] {} [1] com.applitools.eyes.EyesBase.logOpenBase(): FailureReports = 'ON_CLOSE' 
2019-06-05 07:39:57.639 Eyes: [LOG    ] {} [1] com.applitools.eyes.EyesBase.ensureRunningSession(): No running session, calling start session...
2019-06-05 07:39:57.640 Eyes: [VERBOSE] {} [1] com.applitools.eyes.EyesBase.startSession(): startSession()
2019-06-05 07:39:57.804 Eyes: [VERBOSE] {} [1] com.applitools.eyes.selenium.positioning.ScrollPositionProvider.<init>(): creating ScrollPositionProvider
2019-06-05 07:39:57.804 Eyes: [VERBOSE] {} [1] com.applitools.eyes.selenium.wrappers.EyesTargetLocator.defaultContent(): enter
2019-06-05 07:39:57.819 Eyes: [VERBOSE] {} [1] com.applitools.eyes.selenium.wrappers.EyesTargetLocator.defaultContent(): Done!
2019-06-05 07:39:57.819 Eyes: [VERBOSE] {} [1] com.applitools.eyes.selenium.EyesSeleniumUtils.setViewportSize(): setViewportSize(800x600)
2019-06-05 07:39:57.895 Eyes: [VERBOSE] {} [1] com.applitools.eyes.selenium.EyesSeleniumUtils.setViewportSize(): Initial viewport size:2256x1334
2019-06-05 07:39:58.016 Eyes: [VERBOSE] {} [1] com.applitools.eyes.selenium.EyesSeleniumUtils.setBrowserSizeByViewportSize(): Current browser size: (548, 479)
2019-06-05 07:39:58.021 Eyes: [LOG    ] {} [1] com.applitools.utils.GeneralUtils.logExceptionStackTrace(): java.lang.IllegalArgumentException: width < 0
2019-06-05 07:39:58.021 Eyes: [LOG    ] {} [1] com.applitools.utils.GeneralUtils.logExceptionStackTrace(): java.lang.IllegalArgumentException: width < 0
	at com.applitools.utils.ArgumentGuard.greaterThanOrEqualToZero(ArgumentGuard.java:69)
	at com.applitools.eyes.RectangleSize.<init>(RectangleSize.java:23)
	at com.applitools.eyes.selenium.EyesSeleniumUtils.setBrowserSizeByViewportSize(EyesSeleniumUtils.java:429)
	at com.applitools.eyes.selenium.EyesSeleniumUtils.setViewportSize(EyesSeleniumUtils.java:465)
	at com.applitools.eyes.selenium.SeleniumEyes.setViewportSize(SeleniumEyes.java:1498)
	at com.applitools.eyes.selenium.SeleniumEyes.setViewportSize(SeleniumEyes.java:45)
	at com.applitools.eyes.EyesBase.ensureViewportSize(EyesBase.java:1355)
	at com.applitools.eyes.EyesBase.startSession(EyesBase.java:1286)
	at com.applitools.eyes.EyesBase.ensureRunningSession(EyesBase.java:1049)
	at com.applitools.eyes.EyesBase.openBase(EyesBase.java:1013)
	at com.applitools.eyes.selenium.SeleniumEyes.open(SeleniumEyes.java:257)
	at com.applitools.eyes.selenium.Eyes.open(Eyes.java:77)
	at com.applitools.eyes.selenium.Eyes.open(Eyes.java:1382)
	at au.gov.border.oa.runjunit.features.student.StudentEyesSerenity.before(StudentEyesSerenity.java:39)
	at sun.reflect.NativeMethodAccessorImpl.invoke0(Native Method)
	at sun.reflect.NativeMethodAccessorImpl.invoke(NativeMethodAccessorImpl.java:62)
	at sun.reflect.DelegatingMethodAccessorImpl.invoke(DelegatingMethodAccessorImpl.java:43)
	at java.lang.reflect.Method.invoke(Method.java:498)
	at org.junit.runners.model.FrameworkMethod$1.runReflectiveCall(FrameworkMethod.java:50)
	at org.junit.internal.runners.model.ReflectiveCallable.run(ReflectiveCallable.java:12)
	at org.junit.runners.model.FrameworkMethod.invokeExplosively(FrameworkMethod.java:47)
	at org.junit.internal.runners.statements.RunBefores.evaluate(RunBefores.java:24)
	at org.junit.internal.runners.statements.RunAfters.evaluate(RunAfters.java:27)
	at org.junit.rules.TestWatcher$1.evaluate(TestWatcher.java:55)
	at org.junit.rules.RunRules.evaluate(RunRules.java:20)
	at org.junit.runners.ParentRunner.runLeaf(ParentRunner.java:325)
	at org.junit.runners.BlockJUnit4ClassRunner.runChild(BlockJUnit4ClassRunner.java:78)
	at net.serenitybdd.junit.runners.SerenityRunner.performRunChild(SerenityRunner.java:473)
	at net.serenitybdd.junit.runners.SerenityRunner.runChild(SerenityRunner.java:448)
	at net.serenitybdd.junit.runners.SerenityRunner.runChild(SerenityRunner.java:55)
	at org.junit.runners.ParentRunner$3.run(ParentRunner.java:290)
	at org.junit.runners.ParentRunner$1.schedule(ParentRunner.java:71)
	at org.junit.runners.ParentRunner.runChildren(ParentRunner.java:288)
	at org.junit.runners.ParentRunner.access$000(ParentRunner.java:58)
	at org.junit.runners.ParentRunner$2.evaluate(ParentRunner.java:268)
	at org.junit.runners.ParentRunner.run(ParentRunner.java:363)
	at net.serenitybdd.junit.runners.SerenityRunner.run(SerenityRunner.java:252)
	at org.junit.runner.JUnitCore.run(JUnitCore.java:137)
	at com.intellij.junit4.JUnit4IdeaTestRunner.startRunnerWithArgs(JUnit4IdeaTestRunner.java:68)
	at com.intellij.rt.execution.junit.IdeaTestRunner$Repeater.startRunnerWithArgs(IdeaTestRunner.java:47)
	at com.intellij.rt.execution.junit.JUnitStarter.prepareStreamsAndStart(JUnitStarter.java:242)
	at com.intellij.rt.execution.junit.JUnitStarter.main(JUnitStarter.java:70)

2019-06-05 07:39:58.053 Eyes: [LOG    ] {} [1] com.applitools.eyes.EyesBase.logOpenBase(): Eyes server URL is 'https://eyesapi.applitools.com'
2019-06-05 07:39:58.054 Eyes: [VERBOSE] {} [1] com.applitools.eyes.EyesBase.logOpenBase(): Timeout = '300000'
2019-06-05 07:39:58.055 Eyes: [LOG    ] {} [1] com.applitools.eyes.EyesBase.logOpenBase(): matchTimeout = '2000' 
2019-06-05 07:39:58.056 Eyes: [LOG    ] {} [1] com.applitools.eyes.EyesBase.logOpenBase(): Default match settings = 'Match level: STRICT, Exact match settings: null' 
2019-06-05 07:39:58.057 Eyes: [LOG    ] {} [1] com.applitools.eyes.EyesBase.logOpenBase(): FailureReports = 'ON_CLOSE' 
2019-06-05 07:39:58.057 Eyes: [LOG    ] {} [1] com.applitools.eyes.EyesBase.ensureRunningSession(): No running session, calling start session...
2019-06-05 07:39:58.057 Eyes: [VERBOSE] {} [1] com.applitools.eyes.EyesBase.startSession(): startSession()
2019-06-05 07:39:58.203 Eyes: [VERBOSE] {} [1] com.applitools.eyes.selenium.positioning.ScrollPositionProvider.<init>(): creating ScrollPositionProvider
2019-06-05 07:39:58.204 Eyes: [VERBOSE] {} [1] com.applitools.eyes.selenium.wrappers.EyesTargetLocator.defaultContent(): enter
2019-06-05 07:39:58.220 Eyes: [VERBOSE] {} [1] com.applitools.eyes.selenium.wrappers.EyesTargetLocator.defaultContent(): Done!
2019-06-05 07:39:58.220 Eyes: [VERBOSE] {} [1] com.applitools.eyes.selenium.EyesSeleniumUtils.setViewportSize(): setViewportSize(800x600)
2019-06-05 07:39:58.299 Eyes: [VERBOSE] {} [1] com.applitools.eyes.selenium.EyesSeleniumUtils.setViewportSize(): Initial viewport size:800x598
2019-06-05 07:39:58.329 Eyes: [VERBOSE] {} [1] com.applitools.eyes.selenium.EyesSeleniumUtils.setBrowserSizeByViewportSize(): Current browser size: (548, 479)
2019-06-05 07:39:58.329 Eyes: [VERBOSE] {} [1] com.applitools.eyes.selenium.EyesSeleniumUtils.setBrowserSize(): Trying to set browser size to: 548x481
2019-06-05 07:39:59.387 Eyes: [VERBOSE] {} [1] com.applitools.eyes.selenium.EyesSeleniumUtils.setBrowserSize(): Current browser size: 548x481
2019-06-05 07:39:59.775 Eyes: [VERBOSE] {} [1] com.applitools.eyes.selenium.EyesSeleniumUtils.setViewportSize(): Trying workaround for maximization...
2019-06-05 07:39:59.808 Eyes: [VERBOSE] {} [1] com.applitools.eyes.selenium.EyesSeleniumUtils.setBrowserSizeByViewportSize(): Current browser size: (548, 481)
2019-06-05 07:39:59.809 Eyes: [VERBOSE] {} [1] com.applitools.eyes.selenium.EyesSeleniumUtils.setBrowserSize(): Trying to set browser size to: 548x480
2019-06-05 07:40:00.963 Eyes: [VERBOSE] {} [1] com.applitools.eyes.selenium.EyesSeleniumUtils.setBrowserSize(): Current browser size: 548x480
2019-06-05 07:40:01.065 Eyes: [VERBOSE] {} [1] com.applitools.eyes.selenium.EyesSeleniumUtils.setViewportSize(): Current viewport size: 800x599
2019-06-05 07:40:01.081 Eyes: [VERBOSE] {} [1] com.applitools.eyes.selenium.EyesSeleniumUtils.setViewportSize(): Trying workaround for zoom...
2019-06-05 07:40:01.082 Eyes: [VERBOSE] {} [1] com.applitools.eyes.selenium.EyesSeleniumUtils.setViewportSize(): Retries left: 2
2019-06-05 07:40:01.082 Eyes: [VERBOSE] {} [1] com.applitools.eyes.selenium.EyesSeleniumUtils.setBrowserSize(): Trying to set browser size to: 548x481
2019-06-05 07:40:02.133 Eyes: [VERBOSE] {} [1] com.applitools.eyes.selenium.EyesSeleniumUtils.setBrowserSize(): Current browser size: 548x481
2019-06-05 07:40:02.410 Eyes: [VERBOSE] {} [1] com.applitools.eyes.selenium.EyesSeleniumUtils.setViewportSize(): Current viewport size: 800x601
2019-06-05 07:40:02.411 Eyes: [VERBOSE] {} [1] com.applitools.eyes.selenium.EyesSeleniumUtils.setViewportSize(): Retries left: 1
2019-06-05 07:40:02.411 Eyes: [VERBOSE] {} [1] com.applitools.eyes.selenium.EyesSeleniumUtils.setBrowserSize(): Trying to set browser size to: 548x482
2019-06-05 07:40:03.543 Eyes: [VERBOSE] {} [1] com.applitools.eyes.selenium.EyesSeleniumUtils.setBrowserSize(): Current browser size: 548x482
2019-06-05 07:40:03.826 Eyes: [VERBOSE] {} [1] com.applitools.eyes.selenium.EyesSeleniumUtils.setViewportSize(): Current viewport size: 800x602
2019-06-05 07:40:03.827 Eyes: [VERBOSE] {} [1] com.applitools.eyes.selenium.EyesSeleniumUtils.setViewportSize(): Zoom workaround failed.
2019-06-05 07:40:04.296 Eyes: [VERBOSE] {} [1] com.applitools.eyes.selenium.positioning.ScrollPositionProvider.<init>(): creating ScrollPositionProvider
2019-06-05 07:40:04.297 Eyes: [VERBOSE] {} [1] com.applitools.eyes.selenium.wrappers.EyesTargetLocator.frames(): enter
2019-06-05 07:40:04.298 Eyes: [VERBOSE] {} [1] com.applitools.eyes.selenium.wrappers.EyesTargetLocator.defaultContent(): enter
2019-06-05 07:40:04.324 Eyes: [VERBOSE] {} [1] com.applitools.eyes.selenium.wrappers.EyesTargetLocator.defaultContent(): Done!
2019-06-05 07:40:04.328 Eyes: [VERBOSE] {} [1] com.applitools.eyes.selenium.wrappers.EyesTargetLocator.frames(): Done switching into nested frames!
2019-06-05 07:40:04.330 Eyes: [VERBOSE] {} [1] com.applitools.eyes.EyesBase.abortIfNotClosed(): Closed
